2020-11-14 16:36:16 Warning: Warning (2): call_user_func_array() expects parameter 1 to be a valid callback, class 'Cake\Datasource\Paginator' does not have a method 'pagniate' in [/Users/macbookpro/Desktop/testing/cms/vendor/cakephp/cakephp/src/Controller/Component/PaginatorComponent.php, line 346]
Request URL: /contacts/index
Trace:
Cake\Error\BaseErrorHandler::handleError() - CORE/src/Error/BaseErrorHandler.php, line 168
Cake\Core\BasePlugin::{closure}() - ROOT/vendor/cakephp/debug_kit/config/bootstrap.php, line 43
Cake\Controller\Component\PaginatorComponent::__call() - CORE/src/Controller/Component/PaginatorComponent.php, line 346
App\Controller\ContactsController::index() - APP/Controller/ContactsController.php, line 9
Cake\Controller\Controller::invokeAction() - CORE/src/Controller/Controller.php, line 606
Cake\Http\ActionDispatcher::_invoke() - CORE/src/Http/ActionDispatcher.php, line 120
Cake\Http\ActionDispatcher::dispatch() - CORE/src/Http/ActionDispatcher.php, line 94
Cake\Http\BaseApplication::__invoke() - CORE/src/Http/BaseApplication.php, line 256
Cake\Http\Runner::__invoke() - CORE/src/Http/Runner.php, line 65
Cake\Http\Runner::__invoke() - CORE/src/Http/Runner.php, line 65
Cake\Http\Middleware\CsrfProtectionMiddleware::__invoke() - CORE/src/Http/Middleware/CsrfProtectionMiddleware.php, line 126
Cake\Http\Runner::__invoke() - CORE/src/Http/Runner.php, line 65
Cake\Http\Runner::run() - CORE/src/Http/Runner.php, line 51
Cake\Routing\Middleware\RoutingMiddleware::__invoke() - CORE/src/Routing/Middleware/RoutingMiddleware.php, line 170
Cake\Http\Runner::__invoke() - CORE/src/Http/Runner.php, line 65
Cake\Routing\Middleware\AssetMiddleware::__invoke() - CORE/src/Routing/Middleware/AssetMiddleware.php, line 88
Cake\Http\Runner::__invoke() - CORE/src/Http/Runner.php, line 65
Cake\Error\Middleware\ErrorHandlerMiddleware::__invoke() - CORE/src/Error/Middleware/ErrorHandlerMiddleware.php, line 96
Cake\Http\Runner::__invoke() - CORE/src/Http/Runner.php, line 65
DebugKit\Middleware\DebugKitMiddleware::__invoke() - ROOT/vendor/cakephp/debug_kit/src/Middleware/DebugKitMiddleware.php, line 53
Cake\Http\Runner::__invoke() - CORE/src/Http/Runner.php, line 65
Cake\Http\Runner::run() - CORE/src/Http/Runner.php, line 51
Cake\Http\Server::run() - CORE/src/Http/Server.php, line 97
[main] - ROOT/webroot/index.php, line 40



2020-11-14 16:36:16 Warning: Warning (2): Invalid argument supplied for foreach() in [/Users/macbookpro/Desktop/testing/cms/src/Template/Contacts/index.ctp, line 12]
Request URL: /contacts/index
Trace:
Cake\Error\BaseErrorHandler::handleError() - CORE/src/Error/BaseErrorHandler.php, line 168
include - APP/Template/Contacts/index.ctp, line 12
Cake\View\View::_evaluate() - CORE/src/View/View.php, line 1435
Cake\View\View::_render() - CORE/src/View/View.php, line 1393
Cake\View\View::render() - CORE/src/View/View.php, line 892
Cake\Controller\Controller::render() - CORE/src/Controller/Controller.php, line 791
Cake\Http\ActionDispatcher::_invoke() - CORE/src/Http/ActionDispatcher.php, line 126
Cake\Http\ActionDispatcher::dispatch() - CORE/src/Http/ActionDispatcher.php, line 94
Cake\Http\BaseApplication::__invoke() - CORE/src/Http/BaseApplication.php, line 256
Cake\Http\Runner::__invoke() - CORE/src/Http/Runner.php, line 65
Cake\Http\Runner::__invoke() - CORE/src/Http/Runner.php, line 65
Cake\Http\Middleware\CsrfProtectionMiddleware::__invoke() - CORE/src/Http/Middleware/CsrfProtectionMiddleware.php, line 126
Cake\Http\Runner::__invoke() - CORE/src/Http/Runner.php, line 65
Cake\Http\Runner::run() - CORE/src/Http/Runner.php, line 51
Cake\Routing\Middleware\RoutingMiddleware::__invoke() - CORE/src/Routing/Middleware/RoutingMiddleware.php, line 170
Cake\Http\Runner::__invoke() - CORE/src/Http/Runner.php, line 65
Cake\Routing\Middleware\AssetMiddleware::__invoke() - CORE/src/Routing/Middleware/AssetMiddleware.php, line 88
Cake\Http\Runner::__invoke() - CORE/src/Http/Runner.php, line 65
Cake\Error\Middleware\ErrorHandlerMiddleware::__invoke() - CORE/src/Error/Middleware/ErrorHandlerMiddleware.php, line 96
Cake\Http\Runner::__invoke() - CORE/src/Http/Runner.php, line 65
DebugKit\Middleware\DebugKitMiddleware::__invoke() - ROOT/vendor/cakephp/debug_kit/src/Middleware/DebugKitMiddleware.php, line 53
Cake\Http\Runner::__invoke() - CORE/src/Http/Runner.php, line 65
Cake\Http\Runner::run() - CORE/src/Http/Runner.php, line 51
Cake\Http\Server::run() - CORE/src/Http/Server.php, line 97
[main] - ROOT/webroot/index.php, line 40



2020-11-14 16:36:16 Warning: Warning (512): Unable to emit headers. Headers sent in file=/Users/macbookpro/Desktop/testing/cms/vendor/cakephp/cakephp/src/Error/Debugger.php line=855 in [/Users/macbookpro/Desktop/testing/cms/vendor/cakephp/cakephp/src/Http/ResponseEmitter.php, line 53]
Request URL: /contacts/index
Trace:
Cake\Error\BaseErrorHandler::handleError() - CORE/src/Error/BaseErrorHandler.php, line 168
Cake\Http\ResponseEmitter::emit() - CORE/src/Http/ResponseEmitter.php, line 53
Cake\Http\Server::emit() - CORE/src/Http/Server.php, line 140
[main] - ROOT/webroot/index.php, line 40



2020-11-14 16:36:16 Warning: Warning (2): Cannot modify header information - headers already sent by (output started at /Users/macbookpro/Desktop/testing/cms/vendor/cakephp/cakephp/src/Error/Debugger.php:855) in [/Users/macbookpro/Desktop/testing/cms/vendor/cakephp/cakephp/src/Http/ResponseEmitter.php, line 154]
Request URL: /contacts/index
Trace:
Cake\Error\BaseErrorHandler::handleError() - CORE/src/Error/BaseErrorHandler.php, line 168
header - [internal], line ??
Cake\Http\ResponseEmitter::emitStatusLine() - CORE/src/Http/ResponseEmitter.php, line 154
Cake\Http\ResponseEmitter::emit() - CORE/src/Http/ResponseEmitter.php, line 59
Cake\Http\Server::emit() - CORE/src/Http/Server.php, line 140
[main] - ROOT/webroot/index.php, line 40



2020-11-14 16:36:16 Warning: Warning (2): Cannot modify header information - headers already sent by (output started at /Users/macbookpro/Desktop/testing/cms/vendor/cakephp/cakephp/src/Error/Debugger.php:855) in [/Users/macbookpro/Desktop/testing/cms/vendor/cakephp/cakephp/src/Http/ResponseEmitter.php, line 183]
Request URL: /contacts/index
Trace:
Cake\Error\BaseErrorHandler::handleError() - CORE/src/Error/BaseErrorHandler.php, line 168
header - [internal], line ??
Cake\Http\ResponseEmitter::emitHeaders() - CORE/src/Http/ResponseEmitter.php, line 183
Cake\Http\ResponseEmitter::emit() - CORE/src/Http/ResponseEmitter.php, line 60
Cake\Http\Server::emit() - CORE/src/Http/Server.php, line 140
[main] - ROOT/webroot/index.php, line 40



2020-11-14 16:36:16 Warning: Warning (2): Cannot modify header information - headers already sent by (output started at /Users/macbookpro/Desktop/testing/cms/vendor/cakephp/cakephp/src/Error/Debugger.php:855) in [/Users/macbookpro/Desktop/testing/cms/vendor/cakephp/cakephp/src/Http/ResponseEmitter.php, line 183]
Request URL: /contacts/index
Trace:
Cake\Error\BaseErrorHandler::handleError() - CORE/src/Error/BaseErrorHandler.php, line 168
header - [internal], line ??
Cake\Http\ResponseEmitter::emitHeaders() - CORE/src/Http/ResponseEmitter.php, line 183
Cake\Http\ResponseEmitter::emit() - CORE/src/Http/ResponseEmitter.php, line 60
Cake\Http\Server::emit() - CORE/src/Http/Server.php, line 140
[main] - ROOT/webroot/index.php, line 40



2020-11-14 16:39:05 Warning: Warning (2): call_user_func_array() expects parameter 1 to be a valid callback, class 'Cake\Datasource\Paginator' does not have a method 'pagniate' in [/Users/macbookpro/Desktop/testing/cms/vendor/cakephp/cakephp/src/Controller/Component/PaginatorComponent.php, line 346]
Request URL: /contacts/index
Trace:
Cake\Error\BaseErrorHandler::handleError() - CORE/src/Error/BaseErrorHandler.php, line 168
Cake\Core\BasePlugin::{closure}() - ROOT/vendor/cakephp/debug_kit/config/bootstrap.php, line 43
Cake\Controller\Component\PaginatorComponent::__call() - CORE/src/Controller/Component/PaginatorComponent.php, line 346
App\Controller\ContactsController::index() - APP/Controller/ContactsController.php, line 9
Cake\Controller\Controller::invokeAction() - CORE/src/Controller/Controller.php, line 606
Cake\Http\ActionDispatcher::_invoke() - CORE/src/Http/ActionDispatcher.php, line 120
Cake\Http\ActionDispatcher::dispatch() - CORE/src/Http/ActionDispatcher.php, line 94
Cake\Http\BaseApplication::__invoke() - CORE/src/Http/BaseApplication.php, line 256
Cake\Http\Runner::__invoke() - CORE/src/Http/Runner.php, line 65
Cake\Http\Runner::__invoke() - CORE/src/Http/Runner.php, line 65
Cake\Http\Middleware\CsrfProtectionMiddleware::__invoke() - CORE/src/Http/Middleware/CsrfProtectionMiddleware.php, line 126
Cake\Http\Runner::__invoke() - CORE/src/Http/Runner.php, line 65
Cake\Http\Runner::run() - CORE/src/Http/Runner.php, line 51
Cake\Routing\Middleware\RoutingMiddleware::__invoke() - CORE/src/Routing/Middleware/RoutingMiddleware.php, line 170
Cake\Http\Runner::__invoke() - CORE/src/Http/Runner.php, line 65
Cake\Routing\Middleware\AssetMiddleware::__invoke() - CORE/src/Routing/Middleware/AssetMiddleware.php, line 88
Cake\Http\Runner::__invoke() - CORE/src/Http/Runner.php, line 65
Cake\Error\Middleware\ErrorHandlerMiddleware::__invoke() - CORE/src/Error/Middleware/ErrorHandlerMiddleware.php, line 96
Cake\Http\Runner::__invoke() - CORE/src/Http/Runner.php, line 65
DebugKit\Middleware\DebugKitMiddleware::__invoke() - ROOT/vendor/cakephp/debug_kit/src/Middleware/DebugKitMiddleware.php, line 53
Cake\Http\Runner::__invoke() - CORE/src/Http/Runner.php, line 65
Cake\Http\Runner::run() - CORE/src/Http/Runner.php, line 51
Cake\Http\Server::run() - CORE/src/Http/Server.php, line 97
[main] - ROOT/webroot/index.php, line 40



2020-11-14 16:39:05 Warning: Warning (2): Invalid argument supplied for foreach() in [/Users/macbookpro/Desktop/testing/cms/src/Template/Contacts/index.ctp, line 12]
Request URL: /contacts/index
Trace:
Cake\Error\BaseErrorHandler::handleError() - CORE/src/Error/BaseErrorHandler.php, line 168
include - APP/Template/Contacts/index.ctp, line 12
Cake\View\View::_evaluate() - CORE/src/View/View.php, line 1435
Cake\View\View::_render() - CORE/src/View/View.php, line 1393
Cake\View\View::render() - CORE/src/View/View.php, line 892
Cake\Controller\Controller::render() - CORE/src/Controller/Controller.php, line 791
Cake\Http\ActionDispatcher::_invoke() - CORE/src/Http/ActionDispatcher.php, line 126
Cake\Http\ActionDispatcher::dispatch() - CORE/src/Http/ActionDispatcher.php, line 94
Cake\Http\BaseApplication::__invoke() - CORE/src/Http/BaseApplication.php, line 256
Cake\Http\Runner::__invoke() - CORE/src/Http/Runner.php, line 65
Cake\Http\Runner::__invoke() - CORE/src/Http/Runner.php, line 65
Cake\Http\Middleware\CsrfProtectionMiddleware::__invoke() - CORE/src/Http/Middleware/CsrfProtectionMiddleware.php, line 126
Cake\Http\Runner::__invoke() - CORE/src/Http/Runner.php, line 65
Cake\Http\Runner::run() - CORE/src/Http/Runner.php, line 51
Cake\Routing\Middleware\RoutingMiddleware::__invoke() - CORE/src/Routing/Middleware/RoutingMiddleware.php, line 170
Cake\Http\Runner::__invoke() - CORE/src/Http/Runner.php, line 65
Cake\Routing\Middleware\AssetMiddleware::__invoke() - CORE/src/Routing/Middleware/AssetMiddleware.php, line 88
Cake\Http\Runner::__invoke() - CORE/src/Http/Runner.php, line 65
Cake\Error\Middleware\ErrorHandlerMiddleware::__invoke() - CORE/src/Error/Middleware/ErrorHandlerMiddleware.php, line 96
Cake\Http\Runner::__invoke() - CORE/src/Http/Runner.php, line 65
DebugKit\Middleware\DebugKitMiddleware::__invoke() - ROOT/vendor/cakephp/debug_kit/src/Middleware/DebugKitMiddleware.php, line 53
Cake\Http\Runner::__invoke() - CORE/src/Http/Runner.php, line 65
Cake\Http\Runner::run() - CORE/src/Http/Runner.php, line 51
Cake\Http\Server::run() - CORE/src/Http/Server.php, line 97
[main] - ROOT/webroot/index.php, line 40



2020-11-14 16:39:05 Warning: Warning (512): Unable to emit headers. Headers sent in file=/Users/macbookpro/Desktop/testing/cms/vendor/cakephp/cakephp/src/Error/Debugger.php line=855 in [/Users/macbookpro/Desktop/testing/cms/vendor/cakephp/cakephp/src/Http/ResponseEmitter.php, line 53]
Request URL: /contacts/index
Trace:
Cake\Error\BaseErrorHandler::handleError() - CORE/src/Error/BaseErrorHandler.php, line 168
Cake\Http\ResponseEmitter::emit() - CORE/src/Http/ResponseEmitter.php, line 53
Cake\Http\Server::emit() - CORE/src/Http/Server.php, line 140
[main] - ROOT/webroot/index.php, line 40



2020-11-14 16:39:05 Warning: Warning (2): Cannot modify header information - headers already sent by (output started at /Users/macbookpro/Desktop/testing/cms/vendor/cakephp/cakephp/src/Error/Debugger.php:855) in [/Users/macbookpro/Desktop/testing/cms/vendor/cakephp/cakephp/src/Http/ResponseEmitter.php, line 154]
Request URL: /contacts/index
Trace:
Cake\Error\BaseErrorHandler::handleError() - CORE/src/Error/BaseErrorHandler.php, line 168
header - [internal], line ??
Cake\Http\ResponseEmitter::emitStatusLine() - CORE/src/Http/ResponseEmitter.php, line 154
Cake\Http\ResponseEmitter::emit() - CORE/src/Http/ResponseEmitter.php, line 59
Cake\Http\Server::emit() - CORE/src/Http/Server.php, line 140
[main] - ROOT/webroot/index.php, line 40



2020-11-14 16:39:05 Warning: Warning (2): Cannot modify header information - headers already sent by (output started at /Users/macbookpro/Desktop/testing/cms/vendor/cakephp/cakephp/src/Error/Debugger.php:855) in [/Users/macbookpro/Desktop/testing/cms/vendor/cakephp/cakephp/src/Http/ResponseEmitter.php, line 183]
Request URL: /contacts/index
Trace:
Cake\Error\BaseErrorHandler::handleError() - CORE/src/Error/BaseErrorHandler.php, line 168
header - [internal], line ??
Cake\Http\ResponseEmitter::emitHeaders() - CORE/src/Http/ResponseEmitter.php, line 183
Cake\Http\ResponseEmitter::emit() - CORE/src/Http/ResponseEmitter.php, line 60
Cake\Http\Server::emit() - CORE/src/Http/Server.php, line 140
[main] - ROOT/webroot/index.php, line 40



2020-11-14 16:39:05 Warning: Warning (2): Cannot modify header information - headers already sent by (output started at /Users/macbookpro/Desktop/testing/cms/vendor/cakephp/cakephp/src/Error/Debugger.php:855) in [/Users/macbookpro/Desktop/testing/cms/vendor/cakephp/cakephp/src/Http/ResponseEmitter.php, line 183]
Request URL: /contacts/index
Trace:
Cake\Error\BaseErrorHandler::handleError() - CORE/src/Error/BaseErrorHandler.php, line 168
header - [internal], line ??
Cake\Http\ResponseEmitter::emitHeaders() - CORE/src/Http/ResponseEmitter.php, line 183
Cake\Http\ResponseEmitter::emit() - CORE/src/Http/ResponseEmitter.php, line 60
Cake\Http\Server::emit() - CORE/src/Http/Server.php, line 140
[main] - ROOT/webroot/index.php, line 40



2020-11-14 17:04:33 Error: [Cake\Controller\Exception\MissingActionException] Action ContactsController::indexExt() could not be found, or is not accessible. (/Users/macbookpro/Desktop/testing/cms/vendor/cakephp/cakephp/src/Controller/Controller.php:596)
Exception Attributes: array (
  'controller' => 'ContactsController',
  'action' => 'indexExt',
  'prefix' => '',
  'plugin' => false,
)
#0 /Users/macbookpro/Desktop/testing/cms/vendor/cakephp/cakephp/src/Http/ActionDispatcher.php(120): Cake\Controller\Controller->invokeAction()
#1 /Users/macbookpro/Desktop/testing/cms/vendor/cakephp/cakephp/src/Http/ActionDispatcher.php(94): Cake\Http\ActionDispatcher->_invoke(Object(App\Controller\ContactsController))
#2 /Users/macbookpro/Desktop/testing/cms/vendor/cakephp/cakephp/src/Http/BaseApplication.php(256): Cake\Http\ActionDispatcher->dispatch(Object(Cake\Http\ServerRequest), Object(Cake\Http\Response))
#3 /Users/macbookpro/Desktop/testing/cms/vendor/cakephp/cakephp/src/Http/Runner.php(65): Cake\Http\BaseApplication->__invoke(Object(Cake\Http\ServerRequest), Object(Cake\Http\Response), Object(Cake\Http\Runner))
#4 /Users/macbookpro/Desktop/testing/cms/vendor/cakephp/cakephp/src/Http/Runner.php(65): Cake\Http\Runner->__invoke(Object(Cake\Http\ServerRequest), Object(Cake\Http\Response), Object(Cake\Http\Runner))
#5 /Users/macbookpro/Desktop/testing/cms/vendor/cakephp/cakephp/src/Http/Middleware/CsrfProtectionMiddleware.php(126): Cake\Http\Runner->__invoke(Object(Cake\Http\ServerRequest), Object(Cake\Http\Response))
#6 /Users/macbookpro/Desktop/testing/cms/vendor/cakephp/cakephp/src/Http/Runner.php(65): Cake\Http\Middleware\CsrfProtectionMiddleware->__invoke(Object(Cake\Http\ServerRequest), Object(Cake\Http\Response), Object(Cake\Http\Runner))
#7 /Users/macbookpro/Desktop/testing/cms/vendor/cakephp/cakephp/src/Http/Runner.php(51): Cake\Http\Runner->__invoke(Object(Cake\Http\ServerRequest), Object(Cake\Http\Response))
#8 /Users/macbookpro/Desktop/testing/cms/vendor/cakephp/cakephp/src/Routing/Middleware/RoutingMiddleware.php(170): Cake\Http\Runner->run(Object(Cake\Http\MiddlewareQueue), Object(Cake\Http\ServerRequest), Object(Cake\Http\Response))
#9 /Users/macbookpro/Desktop/testing/cms/vendor/cakephp/cakephp/src/Http/Runner.php(65): Cake\Routing\Middleware\RoutingMiddleware->__invoke(Object(Cake\Http\ServerRequest), Object(Cake\Http\Response), Object(Cake\Http\Runner))
#10 /Users/macbookpro/Desktop/testing/cms/vendor/cakephp/cakephp/src/Routing/Middleware/AssetMiddleware.php(88): Cake\Http\Runner->__invoke(Object(Cake\Http\ServerRequest), Object(Cake\Http\Response))
#11 /Users/macbookpro/Desktop/testing/cms/vendor/cakephp/cakephp/src/Http/Runner.php(65): Cake\Routing\Middleware\AssetMiddleware->__invoke(Object(Cake\Http\ServerRequest), Object(Cake\Http\Response), Object(Cake\Http\Runner))
#12 /Users/macbookpro/Desktop/testing/cms/vendor/cakephp/cakephp/src/Error/Middleware/ErrorHandlerMiddleware.php(96): Cake\Http\Runner->__invoke(Object(Cake\Http\ServerRequest), Object(Cake\Http\Response))
#13 /Users/macbookpro/Desktop/testing/cms/vendor/cakephp/cakephp/src/Http/Runner.php(65): Cake\Error\Middleware\ErrorHandlerMiddleware->__invoke(Object(Cake\Http\ServerRequest), Object(Cake\Http\Response), Object(Cake\Http\Runner))
#14 /Users/macbookpro/Desktop/testing/cms/vendor/cakephp/debug_kit/src/Middleware/DebugKitMiddleware.php(53): Cake\Http\Runner->__invoke(Object(Cake\Http\ServerRequest), Object(Cake\Http\Response))
#15 /Users/macbookpro/Desktop/testing/cms/vendor/cakephp/cakephp/src/Http/Runner.php(65): DebugKit\Middleware\DebugKitMiddleware->__invoke(Object(Cake\Http\ServerRequest), Object(Cake\Http\Response), Object(Cake\Http\Runner))
#16 /Users/macbookpro/Desktop/testing/cms/vendor/cakephp/cakephp/src/Http/Runner.php(51): Cake\Http\Runner->__invoke(Object(Cake\Http\ServerRequest), Object(Cake\Http\Response))
#17 /Users/macbookpro/Desktop/testing/cms/vendor/cakephp/cakephp/src/Http/Server.php(97): Cake\Http\Runner->run(Object(Cake\Http\MiddlewareQueue), Object(Cake\Http\ServerRequest), Object(Cake\Http\Response))
#18 /Users/macbookpro/Desktop/testing/cms/webroot/index.php(40): Cake\Http\Server->run()
#19 {main}
Request URL: /contacts/index_ext?page=4


2020-11-14 17:05:01 Error: [Cake\Controller\Exception\MissingActionException] Action ContactsController::indexExt() could not be found, or is not accessible. (/Users/macbookpro/Desktop/testing/cms/vendor/cakephp/cakephp/src/Controller/Controller.php:596)
Exception Attributes: array (
  'controller' => 'ContactsController',
  'action' => 'indexExt',
  'prefix' => '',
  'plugin' => false,
)
#0 /Users/macbookpro/Desktop/testing/cms/vendor/cakephp/cakephp/src/Http/ActionDispatcher.php(120): Cake\Controller\Controller->invokeAction()
#1 /Users/macbookpro/Desktop/testing/cms/vendor/cakephp/cakephp/src/Http/ActionDispatcher.php(94): Cake\Http\ActionDispatcher->_invoke(Object(App\Controller\ContactsController))
#2 /Users/macbookpro/Desktop/testing/cms/vendor/cakephp/cakephp/src/Http/BaseApplication.php(256): Cake\Http\ActionDispatcher->dispatch(Object(Cake\Http\ServerRequest), Object(Cake\Http\Response))
#3 /Users/macbookpro/Desktop/testing/cms/vendor/cakephp/cakephp/src/Http/Runner.php(65): Cake\Http\BaseApplication->__invoke(Object(Cake\Http\ServerRequest), Object(Cake\Http\Response), Object(Cake\Http\Runner))
#4 /Users/macbookpro/Desktop/testing/cms/vendor/cakephp/cakephp/src/Http/Runner.php(65): Cake\Http\Runner->__invoke(Object(Cake\Http\ServerRequest), Object(Cake\Http\Response), Object(Cake\Http\Runner))
#5 /Users/macbookpro/Desktop/testing/cms/vendor/cakephp/cakephp/src/Http/Middleware/CsrfProtectionMiddleware.php(126): Cake\Http\Runner->__invoke(Object(Cake\Http\ServerRequest), Object(Cake\Http\Response))
#6 /Users/macbookpro/Desktop/testing/cms/vendor/cakephp/cakephp/src/Http/Runner.php(65): Cake\Http\Middleware\CsrfProtectionMiddleware->__invoke(Object(Cake\Http\ServerRequest), Object(Cake\Http\Response), Object(Cake\Http\Runner))
#7 /Users/macbookpro/Desktop/testing/cms/vendor/cakephp/cakephp/src/Http/Runner.php(51): Cake\Http\Runner->__invoke(Object(Cake\Http\ServerRequest), Object(Cake\Http\Response))
#8 /Users/macbookpro/Desktop/testing/cms/vendor/cakephp/cakephp/src/Routing/Middleware/RoutingMiddleware.php(170): Cake\Http\Runner->run(Object(Cake\Http\MiddlewareQueue), Object(Cake\Http\ServerRequest), Object(Cake\Http\Response))
#9 /Users/macbookpro/Desktop/testing/cms/vendor/cakephp/cakephp/src/Http/Runner.php(65): Cake\Routing\Middleware\RoutingMiddleware->__invoke(Object(Cake\Http\ServerRequest), Object(Cake\Http\Response), Object(Cake\Http\Runner))
#10 /Users/macbookpro/Desktop/testing/cms/vendor/cakephp/cakephp/src/Routing/Middleware/AssetMiddleware.php(88): Cake\Http\Runner->__invoke(Object(Cake\Http\ServerRequest), Object(Cake\Http\Response))
#11 /Users/macbookpro/Desktop/testing/cms/vendor/cakephp/cakephp/src/Http/Runner.php(65): Cake\Routing\Middleware\AssetMiddleware->__invoke(Object(Cake\Http\ServerRequest), Object(Cake\Http\Response), Object(Cake\Http\Runner))
#12 /Users/macbookpro/Desktop/testing/cms/vendor/cakephp/cakephp/src/Error/Middleware/ErrorHandlerMiddleware.php(96): Cake\Http\Runner->__invoke(Object(Cake\Http\ServerRequest), Object(Cake\Http\Response))
#13 /Users/macbookpro/Desktop/testing/cms/vendor/cakephp/cakephp/src/Http/Runner.php(65): Cake\Error\Middleware\ErrorHandlerMiddleware->__invoke(Object(Cake\Http\ServerRequest), Object(Cake\Http\Response), Object(Cake\Http\Runner))
#14 /Users/macbookpro/Desktop/testing/cms/vendor/cakephp/debug_kit/src/Middleware/DebugKitMiddleware.php(53): Cake\Http\Runner->__invoke(Object(Cake\Http\ServerRequest), Object(Cake\Http\Response))
#15 /Users/macbookpro/Desktop/testing/cms/vendor/cakephp/cakephp/src/Http/Runner.php(65): DebugKit\Middleware\DebugKitMiddleware->__invoke(Object(Cake\Http\ServerRequest), Object(Cake\Http\Response), Object(Cake\Http\Runner))
#16 /Users/macbookpro/Desktop/testing/cms/vendor/cakephp/cakephp/src/Http/Runner.php(51): Cake\Http\Runner->__invoke(Object(Cake\Http\ServerRequest), Object(Cake\Http\Response))
#17 /Users/macbookpro/Desktop/testing/cms/vendor/cakephp/cakephp/src/Http/Server.php(97): Cake\Http\Runner->run(Object(Cake\Http\MiddlewareQueue), Object(Cake\Http\ServerRequest), Object(Cake\Http\Response))
#18 /Users/macbookpro/Desktop/testing/cms/webroot/index.php(40): Cake\Http\Server->run()
#19 {main}
Request URL: /contacts/index_ext


2020-11-14 17:07:05 Error: [InvalidArgumentException] The Companies association is not defined on Contacts. (/Users/macbookpro/Desktop/testing/cms/vendor/cakephp/cakephp/src/ORM/Table.php:1013)
#0 /Users/macbookpro/Desktop/testing/cms/vendor/cakephp/cakephp/src/ORM/EagerLoader.php(550): Cake\ORM\Table->getAssociation('Companies')
#1 /Users/macbookpro/Desktop/testing/cms/vendor/cakephp/cakephp/src/ORM/EagerLoader.php(376): Cake\ORM\EagerLoader->_normalizeContain(Object(App\Model\Table\ContactsTable), 'Companies', Array, Array)
#2 /Users/macbookpro/Desktop/testing/cms/vendor/cakephp/cakephp/src/ORM/EagerLoader.php(506): Cake\ORM\EagerLoader->normalized(Object(App\Model\Table\ContactsTable))
#3 /Users/macbookpro/Desktop/testing/cms/vendor/cakephp/cakephp/src/ORM/EagerLoader.php(477): Cake\ORM\EagerLoader->attachableAssociations(Object(App\Model\Table\ContactsTable))
#4 /Users/macbookpro/Desktop/testing/cms/vendor/cakephp/cakephp/src/ORM/Query.php(1185): Cake\ORM\EagerLoader->attachAssociations(Object(Cake\ORM\Query), Object(App\Model\Table\ContactsTable), true)
#5 /Users/macbookpro/Desktop/testing/cms/vendor/cakephp/cakephp/src/ORM/Query.php(1134): Cake\ORM\Query->_transformQuery()
#6 /Users/macbookpro/Desktop/testing/cms/vendor/cakephp/cakephp/src/Database/Driver/Mysql.php(137): Cake\ORM\Query->sql()
#7 /Users/macbookpro/Desktop/testing/cms/vendor/cakephp/cakephp/src/Database/Connection.php(283): Cake\Database\Driver\Mysql->prepare(Object(Cake\ORM\Query))
#8 /Users/macbookpro/Desktop/testing/cms/vendor/cakephp/cakephp/src/Core/Retry/CommandRetry.php(67): Cake\Database\Connection->Cake\Database\{closure}()
#9 /Users/macbookpro/Desktop/testing/cms/vendor/cakephp/cakephp/src/Database/Connection.php(290): Cake\Core\Retry\CommandRetry->run(Object(Closure))
#10 /Users/macbookpro/Desktop/testing/cms/vendor/cakephp/cakephp/src/Database/Connection.php(340): Cake\Database\Connection->prepare(Object(Cake\ORM\Query))
#11 /Users/macbookpro/Desktop/testing/cms/vendor/cakephp/cakephp/src/Core/Retry/CommandRetry.php(67): Cake\Database\Connection->Cake\Database\{closure}()
#12 /Users/macbookpro/Desktop/testing/cms/vendor/cakephp/cakephp/src/Database/Connection.php(345): Cake\Core\Retry\CommandRetry->run(Object(Closure))
#13 /Users/macbookpro/Desktop/testing/cms/vendor/cakephp/cakephp/src/Database/Query.php(218): Cake\Database\Connection->run(Object(Cake\ORM\Query))
#14 /Users/macbookpro/Desktop/testing/cms/vendor/cakephp/cakephp/src/ORM/Query.php(1155): Cake\Database\Query->execute()
#15 /Users/macbookpro/Desktop/testing/cms/vendor/cakephp/cakephp/src/Datasource/QueryTrait.php(310): Cake\ORM\Query->_execute()
#16 /Users/macbookpro/Desktop/testing/cms/vendor/cakephp/cakephp/src/ORM/Query.php(1099): Cake\ORM\Query->_all()
#17 /Users/macbookpro/Desktop/testing/cms/vendor/cakephp/cakephp/src/Datasource/Paginator.php(173): Cake\ORM\Query->all()
#18 /Users/macbookpro/Desktop/testing/cms/vendor/cakephp/cakephp/src/Controller/Component/PaginatorComponent.php(198): Cake\Datasource\Paginator->paginate(Object(App\Model\Table\ContactsTable), Array, Array)
#19 /Users/macbookpro/Desktop/testing/cms/src/Controller/ContactsController.php(15): Cake\Controller\Component\PaginatorComponent->paginate(Object(Cake\ORM\Query))
#20 /Users/macbookpro/Desktop/testing/cms/vendor/cakephp/cakephp/src/Controller/Controller.php(606): App\Controller\ContactsController->indexExt()
#21 /Users/macbookpro/Desktop/testing/cms/vendor/cakephp/cakephp/src/Http/ActionDispatcher.php(120): Cake\Controller\Controller->invokeAction()
#22 /Users/macbookpro/Desktop/testing/cms/vendor/cakephp/cakephp/src/Http/ActionDispatcher.php(94): Cake\Http\ActionDispatcher->_invoke(Object(App\Controller\ContactsController))
#23 /Users/macbookpro/Desktop/testing/cms/vendor/cakephp/cakephp/src/Http/BaseApplication.php(256): Cake\Http\ActionDispatcher->dispatch(Object(Cake\Http\ServerRequest), Object(Cake\Http\Response))
#24 /Users/macbookpro/Desktop/testing/cms/vendor/cakephp/cakephp/src/Http/Runner.php(65): Cake\Http\BaseApplication->__invoke(Object(Cake\Http\ServerRequest), Object(Cake\Http\Response), Object(Cake\Http\Runner))
#25 /Users/macbookpro/Desktop/testing/cms/vendor/cakephp/cakephp/src/Http/Runner.php(65): Cake\Http\Runner->__invoke(Object(Cake\Http\ServerRequest), Object(Cake\Http\Response), Object(Cake\Http\Runner))
#26 /Users/macbookpro/Desktop/testing/cms/vendor/cakephp/cakephp/src/Http/Middleware/CsrfProtectionMiddleware.php(126): Cake\Http\Runner->__invoke(Object(Cake\Http\ServerRequest), Object(Cake\Http\Response))
#27 /Users/macbookpro/Desktop/testing/cms/vendor/cakephp/cakephp/src/Http/Runner.php(65): Cake\Http\Middleware\CsrfProtectionMiddleware->__invoke(Object(Cake\Http\ServerRequest), Object(Cake\Http\Response), Object(Cake\Http\Runner))
#28 /Users/macbookpro/Desktop/testing/cms/vendor/cakephp/cakephp/src/Http/Runner.php(51): Cake\Http\Runner->__invoke(Object(Cake\Http\ServerRequest), Object(Cake\Http\Response))
#29 /Users/macbookpro/Desktop/testing/cms/vendor/cakephp/cakephp/src/Routing/Middleware/RoutingMiddleware.php(170): Cake\Http\Runner->run(Object(Cake\Http\MiddlewareQueue), Object(Cake\Http\ServerRequest), Object(Cake\Http\Response))
#30 /Users/macbookpro/Desktop/testing/cms/vendor/cakephp/cakephp/src/Http/Runner.php(65): Cake\Routing\Middleware\RoutingMiddleware->__invoke(Object(Cake\Http\ServerRequest), Object(Cake\Http\Response), Object(Cake\Http\Runner))
#31 /Users/macbookpro/Desktop/testing/cms/vendor/cakephp/cakephp/src/Routing/Middleware/AssetMiddleware.php(88): Cake\Http\Runner->__invoke(Object(Cake\Http\ServerRequest), Object(Cake\Http\Response))
#32 /Users/macbookpro/Desktop/testing/cms/vendor/cakephp/cakephp/src/Http/Runner.php(65): Cake\Routing\Middleware\AssetMiddleware->__invoke(Object(Cake\Http\ServerRequest), Object(Cake\Http\Response), Object(Cake\Http\Runner))
#33 /Users/macbookpro/Desktop/testing/cms/vendor/cakephp/cakephp/src/Error/Middleware/ErrorHandlerMiddleware.php(96): Cake\Http\Runner->__invoke(Object(Cake\Http\ServerRequest), Object(Cake\Http\Response))
#34 /Users/macbookpro/Desktop/testing/cms/vendor/cakephp/cakephp/src/Http/Runner.php(65): Cake\Error\Middleware\ErrorHandlerMiddleware->__invoke(Object(Cake\Http\ServerRequest), Object(Cake\Http\Response), Object(Cake\Http\Runner))
#35 /Users/macbookpro/Desktop/testing/cms/vendor/cakephp/debug_kit/src/Middleware/DebugKitMiddleware.php(53): Cake\Http\Runner->__invoke(Object(Cake\Http\ServerRequest), Object(Cake\Http\Response))
#36 /Users/macbookpro/Desktop/testing/cms/vendor/cakephp/cakephp/src/Http/Runner.php(65): DebugKit\Middleware\DebugKitMiddleware->__invoke(Object(Cake\Http\ServerRequest), Object(Cake\Http\Response), Object(Cake\Http\Runner))
#37 /Users/macbookpro/Desktop/testing/cms/vendor/cakephp/cakephp/src/Http/Runner.php(51): Cake\Http\Runner->__invoke(Object(Cake\Http\ServerRequest), Object(Cake\Http\Response))
#38 /Users/macbookpro/Desktop/testing/cms/vendor/cakephp/cakephp/src/Http/Server.php(97): Cake\Http\Runner->run(Object(Cake\Http\MiddlewareQueue), Object(Cake\Http\ServerRequest), Object(Cake\Http\Response))
#39 /Users/macbookpro/Desktop/testing/cms/webroot/index.php(40): Cake\Http\Server->run()
#40 {main}
Request URL: /contacts/index_ext


2020-11-14 18:32:07 Error: [TypeError] Argument 2 passed to Cake\View\Helper\FormHelper::control() must be of the type array, object given, called in /Users/macbookpro/Desktop/testing/cms/src/Template/Contacts/add.ctp on line 9 (/Users/macbookpro/Desktop/testing/cms/vendor/cakephp/cakephp/src/View/Helper/FormHelper.php:1166)
#0 /Users/macbookpro/Desktop/testing/cms/src/Template/Contacts/add.ctp(9): Cake\View\Helper\FormHelper->control('company_id', Object(Cake\ORM\Query))
#1 /Users/macbookpro/Desktop/testing/cms/vendor/cakephp/cakephp/src/View/View.php(1435): include('/Users/macbookp...')
#2 /Users/macbookpro/Desktop/testing/cms/vendor/cakephp/cakephp/src/View/View.php(1393): Cake\View\View->_evaluate('/Users/macbookp...', Array)
#3 /Users/macbookpro/Desktop/testing/cms/vendor/cakephp/cakephp/src/View/View.php(892): Cake\View\View->_render('/Users/macbookp...')
#4 /Users/macbookpro/Desktop/testing/cms/vendor/cakephp/cakephp/src/Controller/Controller.php(791): Cake\View\View->render(NULL, NULL)
#5 /Users/macbookpro/Desktop/testing/cms/vendor/cakephp/cakephp/src/Http/ActionDispatcher.php(126): Cake\Controller\Controller->render()
#6 /Users/macbookpro/Desktop/testing/cms/vendor/cakephp/cakephp/src/Http/ActionDispatcher.php(94): Cake\Http\ActionDispatcher->_invoke(Object(App\Controller\ContactsController))
#7 /Users/macbookpro/Desktop/testing/cms/vendor/cakephp/cakephp/src/Http/BaseApplication.php(256): Cake\Http\ActionDispatcher->dispatch(Object(Cake\Http\ServerRequest), Object(Cake\Http\Response))
#8 /Users/macbookpro/Desktop/testing/cms/vendor/cakephp/cakephp/src/Http/Runner.php(65): Cake\Http\BaseApplication->__invoke(Object(Cake\Http\ServerRequest), Object(Cake\Http\Response), Object(Cake\Http\Runner))
#9 /Users/macbookpro/Desktop/testing/cms/vendor/cakephp/cakephp/src/Http/Runner.php(65): Cake\Http\Runner->__invoke(Object(Cake\Http\ServerRequest), Object(Cake\Http\Response), Object(Cake\Http\Runner))
#10 /Users/macbookpro/Desktop/testing/cms/vendor/cakephp/cakephp/src/Http/Middleware/CsrfProtectionMiddleware.php(126): Cake\Http\Runner->__invoke(Object(Cake\Http\ServerRequest), Object(Cake\Http\Response))
#11 /Users/macbookpro/Desktop/testing/cms/vendor/cakephp/cakephp/src/Http/Runner.php(65): Cake\Http\Middleware\CsrfProtectionMiddleware->__invoke(Object(Cake\Http\ServerRequest), Object(Cake\Http\Response), Object(Cake\Http\Runner))
#12 /Users/macbookpro/Desktop/testing/cms/vendor/cakephp/cakephp/src/Http/Runner.php(51): Cake\Http\Runner->__invoke(Object(Cake\Http\ServerRequest), Object(Cake\Http\Response))
#13 /Users/macbookpro/Desktop/testing/cms/vendor/cakephp/cakephp/src/Routing/Middleware/RoutingMiddleware.php(170): Cake\Http\Runner->run(Object(Cake\Http\MiddlewareQueue), Object(Cake\Http\ServerRequest), Object(Cake\Http\Response))
#14 /Users/macbookpro/Desktop/testing/cms/vendor/cakephp/cakephp/src/Http/Runner.php(65): Cake\Routing\Middleware\RoutingMiddleware->__invoke(Object(Cake\Http\ServerRequest), Object(Cake\Http\Response), Object(Cake\Http\Runner))
#15 /Users/macbookpro/Desktop/testing/cms/vendor/cakephp/cakephp/src/Routing/Middleware/AssetMiddleware.php(88): Cake\Http\Runner->__invoke(Object(Cake\Http\ServerRequest), Object(Cake\Http\Response))
#16 /Users/macbookpro/Desktop/testing/cms/vendor/cakephp/cakephp/src/Http/Runner.php(65): Cake\Routing\Middleware\AssetMiddleware->__invoke(Object(Cake\Http\ServerRequest), Object(Cake\Http\Response), Object(Cake\Http\Runner))
#17 /Users/macbookpro/Desktop/testing/cms/vendor/cakephp/cakephp/src/Error/Middleware/ErrorHandlerMiddleware.php(96): Cake\Http\Runner->__invoke(Object(Cake\Http\ServerRequest), Object(Cake\Http\Response))
#18 /Users/macbookpro/Desktop/testing/cms/vendor/cakephp/cakephp/src/Http/Runner.php(65): Cake\Error\Middleware\ErrorHandlerMiddleware->__invoke(Object(Cake\Http\ServerRequest), Object(Cake\Http\Response), Object(Cake\Http\Runner))
#19 /Users/macbookpro/Desktop/testing/cms/vendor/cakephp/debug_kit/src/Middleware/DebugKitMiddleware.php(53): Cake\Http\Runner->__invoke(Object(Cake\Http\ServerRequest), Object(Cake\Http\Response))
#20 /Users/macbookpro/Desktop/testing/cms/vendor/cakephp/cakephp/src/Http/Runner.php(65): DebugKit\Middleware\DebugKitMiddleware->__invoke(Object(Cake\Http\ServerRequest), Object(Cake\Http\Response), Object(Cake\Http\Runner))
#21 /Users/macbookpro/Desktop/testing/cms/vendor/cakephp/cakephp/src/Http/Runner.php(51): Cake\Http\Runner->__invoke(Object(Cake\Http\ServerRequest), Object(Cake\Http\Response))
#22 /Users/macbookpro/Desktop/testing/cms/vendor/cakephp/cakephp/src/Http/Server.php(97): Cake\Http\Runner->run(Object(Cake\Http\MiddlewareQueue), Object(Cake\Http\ServerRequest), Object(Cake\Http\Response))
#23 /Users/macbookpro/Desktop/testing/cms/webroot/index.php(40): Cake\Http\Server->run()
#24 {main}
Request URL: /contacts/add


2020-11-14 18:57:24 Error: [Cake\Routing\Exception\MissingRouteException] A route matching "/" could not be found. (/Users/macbookpro/Desktop/testing/cms/vendor/cakephp/cakephp/src/Routing/RouteCollection.php:216)
Exception Attributes: array (
  'url' => '/',
)
#0 /Users/macbookpro/Desktop/testing/cms/vendor/cakephp/cakephp/src/Routing/Router.php(389): Cake\Routing\RouteCollection->parseRequest(Object(Cake\Http\ServerRequest))
#1 /Users/macbookpro/Desktop/testing/cms/vendor/cakephp/cakephp/src/Routing/Middleware/RoutingMiddleware.php(148): Cake\Routing\Router::parseRequest(Object(Cake\Http\ServerRequest))
#2 /Users/macbookpro/Desktop/testing/cms/vendor/cakephp/cakephp/src/Http/Runner.php(65): Cake\Routing\Middleware\RoutingMiddleware->__invoke(Object(Cake\Http\ServerRequest), Object(Cake\Http\Response), Object(Cake\Http\Runner))
#3 /Users/macbookpro/Desktop/testing/cms/vendor/cakephp/cakephp/src/Routing/Middleware/AssetMiddleware.php(88): Cake\Http\Runner->__invoke(Object(Cake\Http\ServerRequest), Object(Cake\Http\Response))
#4 /Users/macbookpro/Desktop/testing/cms/vendor/cakephp/cakephp/src/Http/Runner.php(65): Cake\Routing\Middleware\AssetMiddleware->__invoke(Object(Cake\Http\ServerRequest), Object(Cake\Http\Response), Object(Cake\Http\Runner))
#5 /Users/macbookpro/Desktop/testing/cms/vendor/cakephp/cakephp/src/Error/Middleware/ErrorHandlerMiddleware.php(96): Cake\Http\Runner->__invoke(Object(Cake\Http\ServerRequest), Object(Cake\Http\Response))
#6 /Users/macbookpro/Desktop/testing/cms/vendor/cakephp/cakephp/src/Http/Runner.php(65): Cake\Error\Middleware\ErrorHandlerMiddleware->__invoke(Object(Cake\Http\ServerRequest), Object(Cake\Http\Response), Object(Cake\Http\Runner))
#7 /Users/macbookpro/Desktop/testing/cms/vendor/cakephp/debug_kit/src/Middleware/DebugKitMiddleware.php(53): Cake\Http\Runner->__invoke(Object(Cake\Http\ServerRequest), Object(Cake\Http\Response))
#8 /Users/macbookpro/Desktop/testing/cms/vendor/cakephp/cakephp/src/Http/Runner.php(65): DebugKit\Middleware\DebugKitMiddleware->__invoke(Object(Cake\Http\ServerRequest), Object(Cake\Http\Response), Object(Cake\Http\Runner))
#9 /Users/macbookpro/Desktop/testing/cms/vendor/cakephp/cakephp/src/Http/Runner.php(51): Cake\Http\Runner->__invoke(Object(Cake\Http\ServerRequest), Object(Cake\Http\Response))
#10 /Users/macbookpro/Desktop/testing/cms/vendor/cakephp/cakephp/src/Http/Server.php(97): Cake\Http\Runner->run(Object(Cake\Http\MiddlewareQueue), Object(Cake\Http\ServerRequest), Object(Cake\Http\Response))
#11 /Users/macbookpro/Desktop/testing/cms/webroot/index.php(40): Cake\Http\Server->run()
#12 {main}
Request URL: /


