2020-11-14 16:36:16 Debug: duration=2 rows=10 SHOW FULL COLUMNS FROM `contacts`
2020-11-14 16:36:16 Debug: duration=1 rows=1 SHOW INDEXES FROM `contacts`
2020-11-14 16:36:16 Debug: duration=43 rows=0 SELECT * FROM information_schema.key_column_usage AS kcu
            INNER JOIN information_schema.referential_constraints AS rc
            ON (
                kcu.CONSTRAINT_NAME = rc.CONSTRAINT_NAME
                AND kcu.CONSTRAINT_SCHEMA = rc.CONSTRAINT_SCHEMA
            )
            WHERE kcu.TABLE_SCHEMA = 'cakephp' AND kcu.TABLE_NAME = 'contacts' AND rc.TABLE_NAME = 'contacts'
2020-11-14 16:36:16 Debug: duration=1 rows=1 SHOW TABLE STATUS WHERE Name = 'contacts'
2020-11-14 16:39:05 Debug: duration=2 rows=10 SHOW FULL COLUMNS FROM `contacts`
2020-11-14 16:39:05 Debug: duration=1 rows=1 SHOW INDEXES FROM `contacts`
2020-11-14 16:39:05 Debug: duration=17 rows=0 SELECT * FROM information_schema.key_column_usage AS kcu
            INNER JOIN information_schema.referential_constraints AS rc
            ON (
                kcu.CONSTRAINT_NAME = rc.CONSTRAINT_NAME
                AND kcu.CONSTRAINT_SCHEMA = rc.CONSTRAINT_SCHEMA
            )
            WHERE kcu.TABLE_SCHEMA = 'cakephp' AND kcu.TABLE_NAME = 'contacts' AND rc.TABLE_NAME = 'contacts'
2020-11-14 16:39:05 Debug: duration=1 rows=1 SHOW TABLE STATUS WHERE Name = 'contacts'
2020-11-14 16:39:18 Debug: duration=0 rows=20 SELECT Contacts.id AS `Contacts__id`, Contacts.first_name AS `Contacts__first_name`, Contacts.last_name AS `Contacts__last_name`, Contacts.phone_number AS `Contacts__phone_number`, Contacts.address AS `Contacts__address`, Contacts.company_id AS `Contacts__company_id`, Contacts.notes AS `Contacts__notes`, Contacts.add_notes AS `Contacts__add_notes`, Contacts.internal_notes AS `Contacts__internal_notes`, Contacts.comments AS `Contacts__comments` FROM contacts Contacts LIMIT 20 OFFSET 0
2020-11-14 16:39:18 Debug: duration=1 rows=1 SELECT (COUNT(*)) AS `count` FROM contacts Contacts
2020-11-14 16:39:45 Debug: duration=0 rows=20 SELECT Contacts.id AS `Contacts__id`, Contacts.first_name AS `Contacts__first_name`, Contacts.last_name AS `Contacts__last_name`, Contacts.phone_number AS `Contacts__phone_number`, Contacts.address AS `Contacts__address`, Contacts.company_id AS `Contacts__company_id`, Contacts.notes AS `Contacts__notes`, Contacts.add_notes AS `Contacts__add_notes`, Contacts.internal_notes AS `Contacts__internal_notes`, Contacts.comments AS `Contacts__comments` FROM contacts Contacts LIMIT 20 OFFSET 20
2020-11-14 16:39:45 Debug: duration=1 rows=1 SELECT (COUNT(*)) AS `count` FROM contacts Contacts
2020-11-14 16:39:50 Debug: duration=0 rows=20 SELECT Contacts.id AS `Contacts__id`, Contacts.first_name AS `Contacts__first_name`, Contacts.last_name AS `Contacts__last_name`, Contacts.phone_number AS `Contacts__phone_number`, Contacts.address AS `Contacts__address`, Contacts.company_id AS `Contacts__company_id`, Contacts.notes AS `Contacts__notes`, Contacts.add_notes AS `Contacts__add_notes`, Contacts.internal_notes AS `Contacts__internal_notes`, Contacts.comments AS `Contacts__comments` FROM contacts Contacts LIMIT 20 OFFSET 60
2020-11-14 16:39:50 Debug: duration=1 rows=1 SELECT (COUNT(*)) AS `count` FROM contacts Contacts
2020-11-14 17:05:23 Debug: duration=1 rows=10 SHOW FULL COLUMNS FROM `contacts`
2020-11-14 17:05:23 Debug: duration=1 rows=1 SHOW INDEXES FROM `contacts`
2020-11-14 17:05:23 Debug: duration=15 rows=0 SELECT * FROM information_schema.key_column_usage AS kcu
            INNER JOIN information_schema.referential_constraints AS rc
            ON (
                kcu.CONSTRAINT_NAME = rc.CONSTRAINT_NAME
                AND kcu.CONSTRAINT_SCHEMA = rc.CONSTRAINT_SCHEMA
            )
            WHERE kcu.TABLE_SCHEMA = 'cakephp' AND kcu.TABLE_NAME = 'contacts' AND rc.TABLE_NAME = 'contacts'
2020-11-14 17:05:23 Debug: duration=1 rows=1 SHOW TABLE STATUS WHERE Name = 'contacts'
2020-11-14 17:05:23 Debug: duration=0 rows=20 SELECT Contacts.id AS `Contacts__id`, Contacts.first_name AS `Contacts__first_name`, Contacts.last_name AS `Contacts__last_name`, Contacts.phone_number AS `Contacts__phone_number`, Contacts.address AS `Contacts__address`, Contacts.company_id AS `Contacts__company_id`, Contacts.notes AS `Contacts__notes`, Contacts.add_notes AS `Contacts__add_notes`, Contacts.internal_notes AS `Contacts__internal_notes`, Contacts.comments AS `Contacts__comments` FROM contacts Contacts LIMIT 20 OFFSET 0
2020-11-14 17:05:23 Debug: duration=2 rows=1 SELECT (COUNT(*)) AS `count` FROM contacts Contacts
2020-11-14 17:11:51 Debug: duration=1 rows=10 SHOW FULL COLUMNS FROM `contacts`
2020-11-14 17:11:51 Debug: duration=1 rows=1 SHOW INDEXES FROM `contacts`
2020-11-14 17:11:51 Debug: duration=17 rows=0 SELECT * FROM information_schema.key_column_usage AS kcu
            INNER JOIN information_schema.referential_constraints AS rc
            ON (
                kcu.CONSTRAINT_NAME = rc.CONSTRAINT_NAME
                AND kcu.CONSTRAINT_SCHEMA = rc.CONSTRAINT_SCHEMA
            )
            WHERE kcu.TABLE_SCHEMA = 'cakephp' AND kcu.TABLE_NAME = 'contacts' AND rc.TABLE_NAME = 'contacts'
2020-11-14 17:11:51 Debug: duration=1 rows=1 SHOW TABLE STATUS WHERE Name = 'contacts'
2020-11-14 17:11:51 Debug: duration=1 rows=8 SHOW FULL COLUMNS FROM `companies`
2020-11-14 17:11:51 Debug: duration=1 rows=1 SHOW INDEXES FROM `companies`
2020-11-14 17:11:51 Debug: duration=14 rows=0 SELECT * FROM information_schema.key_column_usage AS kcu
            INNER JOIN information_schema.referential_constraints AS rc
            ON (
                kcu.CONSTRAINT_NAME = rc.CONSTRAINT_NAME
                AND kcu.CONSTRAINT_SCHEMA = rc.CONSTRAINT_SCHEMA
            )
            WHERE kcu.TABLE_SCHEMA = 'cakephp' AND kcu.TABLE_NAME = 'companies' AND rc.TABLE_NAME = 'companies'
2020-11-14 17:11:51 Debug: duration=1 rows=1 SHOW TABLE STATUS WHERE Name = 'companies'
2020-11-14 17:11:51 Debug: duration=1 rows=20 SELECT Contacts.id AS `Contacts__id`, Contacts.first_name AS `Contacts__first_name`, Contacts.last_name AS `Contacts__last_name`, Contacts.phone_number AS `Contacts__phone_number`, Contacts.address AS `Contacts__address`, Contacts.company_id AS `Contacts__company_id`, Contacts.notes AS `Contacts__notes`, Contacts.add_notes AS `Contacts__add_notes`, Contacts.internal_notes AS `Contacts__internal_notes`, Contacts.comments AS `Contacts__comments`, Companies.id AS `Companies__id`, Companies.company_name AS `Companies__company_name`, Companies.phone_number AS `Companies__phone_number`, Companies.address AS `Companies__address`, Companies.notes AS `Companies__notes`, Companies.add_notes AS `Companies__add_notes`, Companies.internal_notes AS `Companies__internal_notes`, Companies.comments AS `Companies__comments` FROM contacts Contacts LEFT JOIN companies Companies ON Companies.id = (Contacts.company_id) LIMIT 20 OFFSET 0
2020-11-14 17:11:51 Debug: duration=3 rows=1 SELECT (COUNT(*)) AS `count` FROM contacts Contacts LEFT JOIN companies Companies ON Companies.id = (Contacts.company_id)
2020-11-14 17:12:40 Debug: duration=1 rows=20 SELECT Contacts.id AS `Contacts__id`, Contacts.first_name AS `Contacts__first_name`, Contacts.last_name AS `Contacts__last_name`, Contacts.phone_number AS `Contacts__phone_number`, Contacts.address AS `Contacts__address`, Contacts.company_id AS `Contacts__company_id`, Contacts.notes AS `Contacts__notes`, Contacts.add_notes AS `Contacts__add_notes`, Contacts.internal_notes AS `Contacts__internal_notes`, Contacts.comments AS `Contacts__comments`, Companies.id AS `Companies__id`, Companies.company_name AS `Companies__company_name`, Companies.phone_number AS `Companies__phone_number`, Companies.address AS `Companies__address`, Companies.notes AS `Companies__notes`, Companies.add_notes AS `Companies__add_notes`, Companies.internal_notes AS `Companies__internal_notes`, Companies.comments AS `Companies__comments` FROM contacts Contacts LEFT JOIN companies Companies ON Companies.id = (Contacts.company_id) LIMIT 20 OFFSET 0
2020-11-14 17:12:40 Debug: duration=1 rows=1 SELECT (COUNT(*)) AS `count` FROM contacts Contacts LEFT JOIN companies Companies ON Companies.id = (Contacts.company_id)
2020-11-14 18:00:39 Debug: duration=1 rows=10 SHOW FULL COLUMNS FROM `contacts`
2020-11-14 18:00:39 Debug: duration=2 rows=1 SHOW INDEXES FROM `contacts`
2020-11-14 18:00:39 Debug: duration=16 rows=0 SELECT * FROM information_schema.key_column_usage AS kcu
            INNER JOIN information_schema.referential_constraints AS rc
            ON (
                kcu.CONSTRAINT_NAME = rc.CONSTRAINT_NAME
                AND kcu.CONSTRAINT_SCHEMA = rc.CONSTRAINT_SCHEMA
            )
            WHERE kcu.TABLE_SCHEMA = 'cakephp' AND kcu.TABLE_NAME = 'contacts' AND rc.TABLE_NAME = 'contacts'
2020-11-14 18:00:39 Debug: duration=1 rows=1 SHOW TABLE STATUS WHERE Name = 'contacts'
2020-11-14 18:06:41 Debug: duration=1 rows=10 SHOW FULL COLUMNS FROM `contacts`
2020-11-14 18:06:41 Debug: duration=1 rows=1 SHOW INDEXES FROM `contacts`
2020-11-14 18:06:41 Debug: duration=16 rows=0 SELECT * FROM information_schema.key_column_usage AS kcu
            INNER JOIN information_schema.referential_constraints AS rc
            ON (
                kcu.CONSTRAINT_NAME = rc.CONSTRAINT_NAME
                AND kcu.CONSTRAINT_SCHEMA = rc.CONSTRAINT_SCHEMA
            )
            WHERE kcu.TABLE_SCHEMA = 'cakephp' AND kcu.TABLE_NAME = 'contacts' AND rc.TABLE_NAME = 'contacts'
2020-11-14 18:06:41 Debug: duration=1 rows=1 SHOW TABLE STATUS WHERE Name = 'contacts'
2020-11-14 18:32:07 Debug: duration=2 rows=8 SHOW FULL COLUMNS FROM `companies`
2020-11-14 18:32:07 Debug: duration=1 rows=1 SHOW INDEXES FROM `companies`
2020-11-14 18:32:07 Debug: duration=14 rows=0 SELECT * FROM information_schema.key_column_usage AS kcu
            INNER JOIN information_schema.referential_constraints AS rc
            ON (
                kcu.CONSTRAINT_NAME = rc.CONSTRAINT_NAME
                AND kcu.CONSTRAINT_SCHEMA = rc.CONSTRAINT_SCHEMA
            )
            WHERE kcu.TABLE_SCHEMA = 'cakephp' AND kcu.TABLE_NAME = 'companies' AND rc.TABLE_NAME = 'companies'
2020-11-14 18:32:07 Debug: duration=1 rows=1 SHOW TABLE STATUS WHERE Name = 'companies'
2020-11-14 18:32:07 Debug: duration=2 rows=10 SHOW FULL COLUMNS FROM `contacts`
2020-11-14 18:32:07 Debug: duration=1 rows=1 SHOW INDEXES FROM `contacts`
2020-11-14 18:32:07 Debug: duration=14 rows=0 SELECT * FROM information_schema.key_column_usage AS kcu
            INNER JOIN information_schema.referential_constraints AS rc
            ON (
                kcu.CONSTRAINT_NAME = rc.CONSTRAINT_NAME
                AND kcu.CONSTRAINT_SCHEMA = rc.CONSTRAINT_SCHEMA
            )
            WHERE kcu.TABLE_SCHEMA = 'cakephp' AND kcu.TABLE_NAME = 'contacts' AND rc.TABLE_NAME = 'contacts'
2020-11-14 18:32:07 Debug: duration=1 rows=1 SHOW TABLE STATUS WHERE Name = 'contacts'
2020-11-14 18:32:07 Debug: duration=6 rows=1000 SELECT Companies.id AS `Companies__id`, Companies.company_name AS `Companies__company_name`, Companies.phone_number AS `Companies__phone_number`, Companies.address AS `Companies__address`, Companies.notes AS `Companies__notes`, Companies.add_notes AS `Companies__add_notes`, Companies.internal_notes AS `Companies__internal_notes`, Companies.comments AS `Companies__comments` FROM companies Companies
2020-11-14 18:33:47 Debug: duration=3 rows=1000 SELECT Companies.id AS `Companies__id`, Companies.company_name AS `Companies__company_name`, Companies.phone_number AS `Companies__phone_number`, Companies.address AS `Companies__address`, Companies.notes AS `Companies__notes`, Companies.add_notes AS `Companies__add_notes`, Companies.internal_notes AS `Companies__internal_notes`, Companies.comments AS `Companies__comments` FROM companies Companies
2020-11-14 18:34:54 Debug: duration=3 rows=8 SHOW FULL COLUMNS FROM `companies`
2020-11-14 18:34:54 Debug: duration=3 rows=1 SHOW INDEXES FROM `companies`
2020-11-14 18:34:54 Debug: duration=21 rows=0 SELECT * FROM information_schema.key_column_usage AS kcu
            INNER JOIN information_schema.referential_constraints AS rc
            ON (
                kcu.CONSTRAINT_NAME = rc.CONSTRAINT_NAME
                AND kcu.CONSTRAINT_SCHEMA = rc.CONSTRAINT_SCHEMA
            )
            WHERE kcu.TABLE_SCHEMA = 'cakephp' AND kcu.TABLE_NAME = 'companies' AND rc.TABLE_NAME = 'companies'
2020-11-14 18:34:54 Debug: duration=1 rows=1 SHOW TABLE STATUS WHERE Name = 'companies'
2020-11-14 18:34:54 Debug: duration=1 rows=10 SHOW FULL COLUMNS FROM `contacts`
2020-11-14 18:34:54 Debug: duration=1 rows=1 SHOW INDEXES FROM `contacts`
2020-11-14 18:34:54 Debug: duration=16 rows=0 SELECT * FROM information_schema.key_column_usage AS kcu
            INNER JOIN information_schema.referential_constraints AS rc
            ON (
                kcu.CONSTRAINT_NAME = rc.CONSTRAINT_NAME
                AND kcu.CONSTRAINT_SCHEMA = rc.CONSTRAINT_SCHEMA
            )
            WHERE kcu.TABLE_SCHEMA = 'cakephp' AND kcu.TABLE_NAME = 'contacts' AND rc.TABLE_NAME = 'contacts'
2020-11-14 18:34:54 Debug: duration=1 rows=1 SHOW TABLE STATUS WHERE Name = 'contacts'
2020-11-14 18:34:54 Debug: duration=3 rows=1000 SELECT Companies.id AS `Companies__id`, Companies.company_name AS `Companies__company_name`, Companies.phone_number AS `Companies__phone_number`, Companies.address AS `Companies__address`, Companies.notes AS `Companies__notes`, Companies.add_notes AS `Companies__add_notes`, Companies.internal_notes AS `Companies__internal_notes`, Companies.comments AS `Companies__comments` FROM companies Companies
2020-11-14 18:36:28 Debug: duration=4 rows=1000 SELECT Companies.id AS `Companies__id`, Companies.company_name AS `Companies__company_name`, Companies.phone_number AS `Companies__phone_number`, Companies.address AS `Companies__address`, Companies.notes AS `Companies__notes`, Companies.add_notes AS `Companies__add_notes`, Companies.internal_notes AS `Companies__internal_notes`, Companies.comments AS `Companies__comments` FROM companies Companies
2020-11-14 18:37:33 Debug: duration=1 rows=8 SHOW FULL COLUMNS FROM `companies`
2020-11-14 18:37:33 Debug: duration=1 rows=1 SHOW INDEXES FROM `companies`
2020-11-14 18:37:33 Debug: duration=16 rows=0 SELECT * FROM information_schema.key_column_usage AS kcu
            INNER JOIN information_schema.referential_constraints AS rc
            ON (
                kcu.CONSTRAINT_NAME = rc.CONSTRAINT_NAME
                AND kcu.CONSTRAINT_SCHEMA = rc.CONSTRAINT_SCHEMA
            )
            WHERE kcu.TABLE_SCHEMA = 'cakephp' AND kcu.TABLE_NAME = 'companies' AND rc.TABLE_NAME = 'companies'
2020-11-14 18:37:33 Debug: duration=1 rows=1 SHOW TABLE STATUS WHERE Name = 'companies'
2020-11-14 18:37:33 Debug: duration=1 rows=10 SHOW FULL COLUMNS FROM `contacts`
2020-11-14 18:37:33 Debug: duration=1 rows=1 SHOW INDEXES FROM `contacts`
2020-11-14 18:37:33 Debug: duration=14 rows=0 SELECT * FROM information_schema.key_column_usage AS kcu
            INNER JOIN information_schema.referential_constraints AS rc
            ON (
                kcu.CONSTRAINT_NAME = rc.CONSTRAINT_NAME
                AND kcu.CONSTRAINT_SCHEMA = rc.CONSTRAINT_SCHEMA
            )
            WHERE kcu.TABLE_SCHEMA = 'cakephp' AND kcu.TABLE_NAME = 'contacts' AND rc.TABLE_NAME = 'contacts'
2020-11-14 18:37:33 Debug: duration=1 rows=1 SHOW TABLE STATUS WHERE Name = 'contacts'
2020-11-14 18:37:33 Debug: duration=3 rows=1000 SELECT Companies.id AS `Companies__id`, Companies.company_name AS `Companies__company_name`, Companies.phone_number AS `Companies__phone_number`, Companies.address AS `Companies__address`, Companies.notes AS `Companies__notes`, Companies.add_notes AS `Companies__add_notes`, Companies.internal_notes AS `Companies__internal_notes`, Companies.comments AS `Companies__comments` FROM companies Companies
2020-11-14 18:38:42 Debug: duration=5 rows=1000 SELECT Companies.id AS `Companies__id`, Companies.company_name AS `Companies__company_name`, Companies.phone_number AS `Companies__phone_number`, Companies.address AS `Companies__address`, Companies.notes AS `Companies__notes`, Companies.add_notes AS `Companies__add_notes`, Companies.internal_notes AS `Companies__internal_notes`, Companies.comments AS `Companies__comments` FROM companies Companies
2020-11-14 18:41:15 Debug: duration=1 rows=8 SHOW FULL COLUMNS FROM `companies`
2020-11-14 18:41:15 Debug: duration=1 rows=1 SHOW INDEXES FROM `companies`
2020-11-14 18:41:15 Debug: duration=19 rows=0 SELECT * FROM information_schema.key_column_usage AS kcu
            INNER JOIN information_schema.referential_constraints AS rc
            ON (
                kcu.CONSTRAINT_NAME = rc.CONSTRAINT_NAME
                AND kcu.CONSTRAINT_SCHEMA = rc.CONSTRAINT_SCHEMA
            )
            WHERE kcu.TABLE_SCHEMA = 'cakephp' AND kcu.TABLE_NAME = 'companies' AND rc.TABLE_NAME = 'companies'
2020-11-14 18:41:15 Debug: duration=2 rows=1 SHOW TABLE STATUS WHERE Name = 'companies'
2020-11-14 18:41:15 Debug: duration=1 rows=10 SHOW FULL COLUMNS FROM `contacts`
2020-11-14 18:41:15 Debug: duration=1 rows=1 SHOW INDEXES FROM `contacts`
2020-11-14 18:41:15 Debug: duration=18 rows=0 SELECT * FROM information_schema.key_column_usage AS kcu
            INNER JOIN information_schema.referential_constraints AS rc
            ON (
                kcu.CONSTRAINT_NAME = rc.CONSTRAINT_NAME
                AND kcu.CONSTRAINT_SCHEMA = rc.CONSTRAINT_SCHEMA
            )
            WHERE kcu.TABLE_SCHEMA = 'cakephp' AND kcu.TABLE_NAME = 'contacts' AND rc.TABLE_NAME = 'contacts'
2020-11-14 18:41:15 Debug: duration=1 rows=1 SHOW TABLE STATUS WHERE Name = 'contacts'
2020-11-14 18:41:15 Debug: duration=4 rows=1000 SELECT Companies.id AS `Companies__id`, Companies.company_name AS `Companies__company_name`, Companies.phone_number AS `Companies__phone_number`, Companies.address AS `Companies__address`, Companies.notes AS `Companies__notes`, Companies.add_notes AS `Companies__add_notes`, Companies.internal_notes AS `Companies__internal_notes`, Companies.comments AS `Companies__comments` FROM companies Companies
2020-11-14 18:41:18 Debug: duration=3 rows=1000 SELECT Companies.id AS `Companies__id`, Companies.company_name AS `Companies__company_name`, Companies.phone_number AS `Companies__phone_number`, Companies.address AS `Companies__address`, Companies.notes AS `Companies__notes`, Companies.add_notes AS `Companies__add_notes`, Companies.internal_notes AS `Companies__internal_notes`, Companies.comments AS `Companies__comments` FROM companies Companies
2020-11-14 18:57:31 Debug: duration=1 rows=10 SHOW FULL COLUMNS FROM `contacts`
2020-11-14 18:57:31 Debug: duration=1 rows=1 SHOW INDEXES FROM `contacts`
2020-11-14 18:57:31 Debug: duration=15 rows=0 SELECT * FROM information_schema.key_column_usage AS kcu
            INNER JOIN information_schema.referential_constraints AS rc
            ON (
                kcu.CONSTRAINT_NAME = rc.CONSTRAINT_NAME
                AND kcu.CONSTRAINT_SCHEMA = rc.CONSTRAINT_SCHEMA
            )
            WHERE kcu.TABLE_SCHEMA = 'cakephp' AND kcu.TABLE_NAME = 'contacts' AND rc.TABLE_NAME = 'contacts'
2020-11-14 18:57:31 Debug: duration=1 rows=1 SHOW TABLE STATUS WHERE Name = 'contacts'
2020-11-14 18:57:31 Debug: duration=1 rows=20 SELECT Contacts.id AS `Contacts__id`, Contacts.first_name AS `Contacts__first_name`, Contacts.last_name AS `Contacts__last_name`, Contacts.phone_number AS `Contacts__phone_number`, Contacts.address AS `Contacts__address`, Contacts.company_id AS `Contacts__company_id`, Contacts.notes AS `Contacts__notes`, Contacts.add_notes AS `Contacts__add_notes`, Contacts.internal_notes AS `Contacts__internal_notes`, Contacts.comments AS `Contacts__comments` FROM contacts Contacts LIMIT 20 OFFSET 0
2020-11-14 18:57:31 Debug: duration=1 rows=1 SELECT (COUNT(*)) AS `count` FROM contacts Contacts
2020-11-14 18:57:34 Debug: duration=1 rows=8 SHOW FULL COLUMNS FROM `companies`
2020-11-14 18:57:34 Debug: duration=2 rows=1 SHOW INDEXES FROM `companies`
2020-11-14 18:57:34 Debug: duration=14 rows=0 SELECT * FROM information_schema.key_column_usage AS kcu
            INNER JOIN information_schema.referential_constraints AS rc
            ON (
                kcu.CONSTRAINT_NAME = rc.CONSTRAINT_NAME
                AND kcu.CONSTRAINT_SCHEMA = rc.CONSTRAINT_SCHEMA
            )
            WHERE kcu.TABLE_SCHEMA = 'cakephp' AND kcu.TABLE_NAME = 'companies' AND rc.TABLE_NAME = 'companies'
2020-11-14 18:57:34 Debug: duration=1 rows=1 SHOW TABLE STATUS WHERE Name = 'companies'
2020-11-14 18:57:34 Debug: duration=4 rows=1000 SELECT Companies.id AS `Companies__id`, Companies.company_name AS `Companies__company_name`, Companies.phone_number AS `Companies__phone_number`, Companies.address AS `Companies__address`, Companies.notes AS `Companies__notes`, Companies.add_notes AS `Companies__add_notes`, Companies.internal_notes AS `Companies__internal_notes`, Companies.comments AS `Companies__comments` FROM companies Companies
2020-11-14 18:59:51 Debug: duration=1 rows=8 SHOW FULL COLUMNS FROM `companies`
2020-11-14 18:59:51 Debug: duration=1 rows=1 SHOW INDEXES FROM `companies`
2020-11-14 18:59:51 Debug: duration=15 rows=0 SELECT * FROM information_schema.key_column_usage AS kcu
            INNER JOIN information_schema.referential_constraints AS rc
            ON (
                kcu.CONSTRAINT_NAME = rc.CONSTRAINT_NAME
                AND kcu.CONSTRAINT_SCHEMA = rc.CONSTRAINT_SCHEMA
            )
            WHERE kcu.TABLE_SCHEMA = 'cakephp' AND kcu.TABLE_NAME = 'companies' AND rc.TABLE_NAME = 'companies'
2020-11-14 18:59:51 Debug: duration=1 rows=1 SHOW TABLE STATUS WHERE Name = 'companies'
2020-11-14 18:59:51 Debug: duration=1 rows=10 SHOW FULL COLUMNS FROM `contacts`
2020-11-14 18:59:51 Debug: duration=1 rows=1 SHOW INDEXES FROM `contacts`
2020-11-14 18:59:51 Debug: duration=14 rows=0 SELECT * FROM information_schema.key_column_usage AS kcu
            INNER JOIN information_schema.referential_constraints AS rc
            ON (
                kcu.CONSTRAINT_NAME = rc.CONSTRAINT_NAME
                AND kcu.CONSTRAINT_SCHEMA = rc.CONSTRAINT_SCHEMA
            )
            WHERE kcu.TABLE_SCHEMA = 'cakephp' AND kcu.TABLE_NAME = 'contacts' AND rc.TABLE_NAME = 'contacts'
2020-11-14 18:59:51 Debug: duration=1 rows=1 SHOW TABLE STATUS WHERE Name = 'contacts'
2020-11-14 18:59:51 Debug: duration=6 rows=1000 SELECT Companies.id AS `Companies__id`, Companies.company_name AS `Companies__company_name`, Companies.phone_number AS `Companies__phone_number`, Companies.address AS `Companies__address`, Companies.notes AS `Companies__notes`, Companies.add_notes AS `Companies__add_notes`, Companies.internal_notes AS `Companies__internal_notes`, Companies.comments AS `Companies__comments` FROM companies Companies
2020-11-14 18:59:52 Debug: duration=4 rows=1000 SELECT Companies.id AS `Companies__id`, Companies.company_name AS `Companies__company_name`, Companies.phone_number AS `Companies__phone_number`, Companies.address AS `Companies__address`, Companies.notes AS `Companies__notes`, Companies.add_notes AS `Companies__add_notes`, Companies.internal_notes AS `Companies__internal_notes`, Companies.comments AS `Companies__comments` FROM companies Companies
2020-11-14 19:01:10 Debug: duration=3 rows=1000 SELECT Companies.id AS `Companies__id`, Companies.company_name AS `Companies__company_name`, Companies.phone_number AS `Companies__phone_number`, Companies.address AS `Companies__address`, Companies.notes AS `Companies__notes`, Companies.add_notes AS `Companies__add_notes`, Companies.internal_notes AS `Companies__internal_notes`, Companies.comments AS `Companies__comments` FROM companies Companies
2020-11-14 19:01:11 Debug: duration=3 rows=1000 SELECT Companies.id AS `Companies__id`, Companies.company_name AS `Companies__company_name`, Companies.phone_number AS `Companies__phone_number`, Companies.address AS `Companies__address`, Companies.notes AS `Companies__notes`, Companies.add_notes AS `Companies__add_notes`, Companies.internal_notes AS `Companies__internal_notes`, Companies.comments AS `Companies__comments` FROM companies Companies
2020-11-14 19:02:49 Debug: duration=1 rows=8 SHOW FULL COLUMNS FROM `companies`
2020-11-14 19:02:49 Debug: duration=1 rows=1 SHOW INDEXES FROM `companies`
2020-11-14 19:02:49 Debug: duration=15 rows=0 SELECT * FROM information_schema.key_column_usage AS kcu
            INNER JOIN information_schema.referential_constraints AS rc
            ON (
                kcu.CONSTRAINT_NAME = rc.CONSTRAINT_NAME
                AND kcu.CONSTRAINT_SCHEMA = rc.CONSTRAINT_SCHEMA
            )
            WHERE kcu.TABLE_SCHEMA = 'cakephp' AND kcu.TABLE_NAME = 'companies' AND rc.TABLE_NAME = 'companies'
2020-11-14 19:02:49 Debug: duration=1 rows=1 SHOW TABLE STATUS WHERE Name = 'companies'
2020-11-14 19:02:49 Debug: duration=1 rows=10 SHOW FULL COLUMNS FROM `contacts`
2020-11-14 19:02:49 Debug: duration=1 rows=1 SHOW INDEXES FROM `contacts`
2020-11-14 19:02:49 Debug: duration=14 rows=0 SELECT * FROM information_schema.key_column_usage AS kcu
            INNER JOIN information_schema.referential_constraints AS rc
            ON (
                kcu.CONSTRAINT_NAME = rc.CONSTRAINT_NAME
                AND kcu.CONSTRAINT_SCHEMA = rc.CONSTRAINT_SCHEMA
            )
            WHERE kcu.TABLE_SCHEMA = 'cakephp' AND kcu.TABLE_NAME = 'contacts' AND rc.TABLE_NAME = 'contacts'
2020-11-14 19:02:49 Debug: duration=1 rows=1 SHOW TABLE STATUS WHERE Name = 'contacts'
2020-11-14 19:02:49 Debug: duration=4 rows=1000 SELECT Companies.id AS `Companies__id`, Companies.company_name AS `Companies__company_name`, Companies.phone_number AS `Companies__phone_number`, Companies.address AS `Companies__address`, Companies.notes AS `Companies__notes`, Companies.add_notes AS `Companies__add_notes`, Companies.internal_notes AS `Companies__internal_notes`, Companies.comments AS `Companies__comments` FROM companies Companies
2020-11-14 19:06:01 Debug: duration=1 rows=10 SHOW FULL COLUMNS FROM `contacts`
2020-11-14 19:06:01 Debug: duration=1 rows=1 SHOW INDEXES FROM `contacts`
2020-11-14 19:06:01 Debug: duration=15 rows=0 SELECT * FROM information_schema.key_column_usage AS kcu
            INNER JOIN information_schema.referential_constraints AS rc
            ON (
                kcu.CONSTRAINT_NAME = rc.CONSTRAINT_NAME
                AND kcu.CONSTRAINT_SCHEMA = rc.CONSTRAINT_SCHEMA
            )
            WHERE kcu.TABLE_SCHEMA = 'cakephp' AND kcu.TABLE_NAME = 'contacts' AND rc.TABLE_NAME = 'contacts'
2020-11-14 19:06:01 Debug: duration=1 rows=1 SHOW TABLE STATUS WHERE Name = 'contacts'
2020-11-14 19:06:01 Debug: duration=0 rows=20 SELECT Contacts.id AS `Contacts__id`, Contacts.first_name AS `Contacts__first_name`, Contacts.last_name AS `Contacts__last_name`, Contacts.phone_number AS `Contacts__phone_number`, Contacts.address AS `Contacts__address`, Contacts.company_id AS `Contacts__company_id`, Contacts.notes AS `Contacts__notes`, Contacts.add_notes AS `Contacts__add_notes`, Contacts.internal_notes AS `Contacts__internal_notes`, Contacts.comments AS `Contacts__comments` FROM contacts Contacts LIMIT 20 OFFSET 0
2020-11-14 19:06:01 Debug: duration=1 rows=1 SELECT (COUNT(*)) AS `count` FROM contacts Contacts
2020-11-14 19:06:06 Debug: duration=2 rows=8 SHOW FULL COLUMNS FROM `companies`
2020-11-14 19:06:06 Debug: duration=1 rows=1 SHOW INDEXES FROM `companies`
2020-11-14 19:06:06 Debug: duration=16 rows=0 SELECT * FROM information_schema.key_column_usage AS kcu
            INNER JOIN information_schema.referential_constraints AS rc
            ON (
                kcu.CONSTRAINT_NAME = rc.CONSTRAINT_NAME
                AND kcu.CONSTRAINT_SCHEMA = rc.CONSTRAINT_SCHEMA
            )
            WHERE kcu.TABLE_SCHEMA = 'cakephp' AND kcu.TABLE_NAME = 'companies' AND rc.TABLE_NAME = 'companies'
2020-11-14 19:06:06 Debug: duration=1 rows=1 SHOW TABLE STATUS WHERE Name = 'companies'
2020-11-14 19:06:06 Debug: duration=3 rows=1000 SELECT Companies.id AS `Companies__id`, Companies.company_name AS `Companies__company_name`, Companies.phone_number AS `Companies__phone_number`, Companies.address AS `Companies__address`, Companies.notes AS `Companies__notes`, Companies.add_notes AS `Companies__add_notes`, Companies.internal_notes AS `Companies__internal_notes`, Companies.comments AS `Companies__comments` FROM companies Companies
2020-11-14 19:08:28 Debug: duration=1 rows=8 SHOW FULL COLUMNS FROM `companies`
2020-11-14 19:08:28 Debug: duration=2 rows=1 SHOW INDEXES FROM `companies`
2020-11-14 19:08:28 Debug: duration=19 rows=0 SELECT * FROM information_schema.key_column_usage AS kcu
            INNER JOIN information_schema.referential_constraints AS rc
            ON (
                kcu.CONSTRAINT_NAME = rc.CONSTRAINT_NAME
                AND kcu.CONSTRAINT_SCHEMA = rc.CONSTRAINT_SCHEMA
            )
            WHERE kcu.TABLE_SCHEMA = 'cakephp' AND kcu.TABLE_NAME = 'companies' AND rc.TABLE_NAME = 'companies'
2020-11-14 19:08:28 Debug: duration=1 rows=1 SHOW TABLE STATUS WHERE Name = 'companies'
2020-11-14 19:08:28 Debug: duration=1 rows=10 SHOW FULL COLUMNS FROM `contacts`
2020-11-14 19:08:28 Debug: duration=1 rows=1 SHOW INDEXES FROM `contacts`
2020-11-14 19:08:28 Debug: duration=15 rows=0 SELECT * FROM information_schema.key_column_usage AS kcu
            INNER JOIN information_schema.referential_constraints AS rc
            ON (
                kcu.CONSTRAINT_NAME = rc.CONSTRAINT_NAME
                AND kcu.CONSTRAINT_SCHEMA = rc.CONSTRAINT_SCHEMA
            )
            WHERE kcu.TABLE_SCHEMA = 'cakephp' AND kcu.TABLE_NAME = 'contacts' AND rc.TABLE_NAME = 'contacts'
2020-11-14 19:08:28 Debug: duration=1 rows=1 SHOW TABLE STATUS WHERE Name = 'contacts'
2020-11-14 19:08:28 Debug: duration=1 rows=1000 SELECT Companies.id AS `Companies__id`, Companies.company_name AS `Companies__company_name` FROM companies Companies
2020-11-14 19:11:55 Debug: duration=7 rows=8 SHOW FULL COLUMNS FROM `companies`
2020-11-14 19:11:55 Debug: duration=1 rows=1 SHOW INDEXES FROM `companies`
2020-11-14 19:11:55 Debug: duration=16 rows=0 SELECT * FROM information_schema.key_column_usage AS kcu
            INNER JOIN information_schema.referential_constraints AS rc
            ON (
                kcu.CONSTRAINT_NAME = rc.CONSTRAINT_NAME
                AND kcu.CONSTRAINT_SCHEMA = rc.CONSTRAINT_SCHEMA
            )
            WHERE kcu.TABLE_SCHEMA = 'cakephp' AND kcu.TABLE_NAME = 'companies' AND rc.TABLE_NAME = 'companies'
2020-11-14 19:11:55 Debug: duration=1 rows=1 SHOW TABLE STATUS WHERE Name = 'companies'
2020-11-14 19:11:55 Debug: duration=1 rows=10 SHOW FULL COLUMNS FROM `contacts`
2020-11-14 19:11:55 Debug: duration=1 rows=1 SHOW INDEXES FROM `contacts`
2020-11-14 19:11:55 Debug: duration=15 rows=0 SELECT * FROM information_schema.key_column_usage AS kcu
            INNER JOIN information_schema.referential_constraints AS rc
            ON (
                kcu.CONSTRAINT_NAME = rc.CONSTRAINT_NAME
                AND kcu.CONSTRAINT_SCHEMA = rc.CONSTRAINT_SCHEMA
            )
            WHERE kcu.TABLE_SCHEMA = 'cakephp' AND kcu.TABLE_NAME = 'contacts' AND rc.TABLE_NAME = 'contacts'
2020-11-14 19:11:55 Debug: duration=1 rows=1 SHOW TABLE STATUS WHERE Name = 'contacts'
2020-11-14 19:11:55 Debug: duration=4 rows=1000 SELECT Companies.id AS `Companies__id`, Companies.company_name AS `Companies__company_name`, Companies.phone_number AS `Companies__phone_number`, Companies.address AS `Companies__address`, Companies.notes AS `Companies__notes`, Companies.add_notes AS `Companies__add_notes`, Companies.internal_notes AS `Companies__internal_notes`, Companies.comments AS `Companies__comments` FROM companies Companies
2020-11-14 19:12:36 Debug: duration=0 rows=0 BEGIN
2020-11-14 19:12:36 Debug: duration=1 rows=1 INSERT INTO contacts (first_name, last_name, phone_number, address, company_id, notes, add_notes, comments) VALUES ('Contact', 'Contact', '87878776767', 'New York', 1, 'New Yorker', 'New Yorker', 'New Yorker')
2020-11-14 19:12:36 Debug: duration=0 rows=0 COMMIT
2020-11-14 19:12:36 Debug: duration=1 rows=20 SELECT Contacts.id AS `Contacts__id`, Contacts.first_name AS `Contacts__first_name`, Contacts.last_name AS `Contacts__last_name`, Contacts.phone_number AS `Contacts__phone_number`, Contacts.address AS `Contacts__address`, Contacts.company_id AS `Contacts__company_id`, Contacts.notes AS `Contacts__notes`, Contacts.add_notes AS `Contacts__add_notes`, Contacts.internal_notes AS `Contacts__internal_notes`, Contacts.comments AS `Contacts__comments` FROM contacts Contacts LIMIT 20 OFFSET 0
2020-11-14 19:12:36 Debug: duration=1 rows=1 SELECT (COUNT(*)) AS `count` FROM contacts Contacts
